<?xml version="1.0" encoding="UTF-8"?>
<!-- Generated by org.testng.reporters.JUnitXMLReporter -->
<testsuite ignored="0" hostname="Ranjeet-MacBook-Pro.local" failures="1" tests="3" name="Test" time="34.723" errors="0" timestamp="2023-07-20T20:43:08 IST">
  <testcase classname="Com.Ecommerce.TestCases.TC_LoginApplication" name="Login" time="4.333">
    <skipped/>
  </testcase> <!-- Login -->
  <testcase classname="Com.Ecommerce.TestCases.TC_LoginApplication" name="Login" time="2.958">
    <skipped/>
  </testcase> <!-- Login -->
  <testcase classname="Com.Ecommerce.TestCases.TC_LoginApplication" name="Login" time="3.801">
    <failure type="java.lang.AssertionError">
      <![CDATA[java.lang.AssertionError: 
at Com.Ecommerce.TestCases.TC_LoginApplication.Login(TC_LoginApplication.java:41)
at java.base/java.util.ArrayList.forEach(ArrayList.java:1511)
... Removed 28 stack frames]]>
    </failure>
  </testcase> <!-- Login -->
</testsuite> <!-- Test -->
